Alarm Clock/app/build/intermediates/manifest_merge_blame_file/debug/manifest-merger-blame-debug-report.txt
1<?xml version="1.0" encoding="utf-8"?>
2<manifest xmlns:android="http://schemas.android.com/apk/res/android"
3    package="com.e.yourAlarmClock"
4    android:versionCode="1"
5    android:versionName="1.0" >
6
7    <uses-sdk
8        android:minSdkVersion="21"
8-->src/main/AndroidManifest.xml
9        android:targetSdkVersion="29" />
9-->src/main/AndroidManifest.xml
10
11    <uses-permission android:name="android.permission.WAKE_LOCK" />
11-->src/main/AndroidManifest.xml:6:5-68
11-->src/main/AndroidManifest.xml:6:22-65
12    <uses-permission android:name="android.permission.DISABLE_KEYGUARD" />
12-->src/main/AndroidManifest.xml:7:5-75
12-->src/main/AndroidManifest.xml:7:22-72
13    <uses-permission android:name="com.android.alarm.permission.SET_ALARM" />
13-->src/main/AndroidManifest.xml:8:5-78
13-->src/main/AndroidManifest.xml:8:22-75
14    <uses-permission android:name="android.permission.SYSTEM_ALERT_WINDOW" />
14-->src/main/AndroidManifest.xml:9:5-77
14-->src/main/AndroidManifest.xml:9:22-75
15    <uses-permission android:name="android.permission.VIBRATE" />
15-->src/main/AndroidManifest.xml:10:5-65
15-->src/main/AndroidManifest.xml:10:22-63
16    <uses-permission android:name="android.permission.REORDER_TASKS" />
16-->src/main/AndroidManifest.xml:11:5-72
16-->src/main/AndroidManifest.xml:11:22-69
17    <uses-permission android:name="android.permission.MODIFY_AUDIO_SETTINGS" />
17-->src/main/AndroidManifest.xml:12:5-79
17-->src/main/AndroidManifest.xml:12:22-77
18
19    <application
19-->src/main/AndroidManifest.xml:15:5-59:19
20        android:allowBackup="true"
20-->src/main/AndroidManifest.xml:16:9-35
21        android:appComponentFactory="androidx.core.app.CoreComponentFactory"
21-->[androidx.core:core:1.3.1] AndroidManifest.xml:24:18-86
22        android:debuggable="true"
23        android:icon="@mipmap/ic_clock"
23-->src/main/AndroidManifest.xml:17:9-40
24        android:label="@string/header"
24-->src/main/AndroidManifest.xml:18:9-39
25        android:roundIcon="@mipmap/ic_clock_round"
25-->src/main/AndroidManifest.xml:19:9-51
26        android:supportsRtl="true"
26-->src/main/AndroidManifest.xml:20:9-35
27        android:testOnly="true"
28        android:theme="@style/AppTheme" >
28-->src/main/AndroidManifest.xml:21:9-40
29        <activity
29-->src/main/AndroidManifest.xml:23:9-33:20
30            android:name="com.e.yourAlarmClock.SplashActivity"
30-->src/main/AndroidManifest.xml:24:13-63
31            android:configChanges="orientation"
31-->src/main/AndroidManifest.xml:26:13-48
32            android:screenOrientation="portrait"
32-->src/main/AndroidManifest.xml:27:13-49
33            android:theme="@style/SplashTheme" >
33-->src/main/AndroidManifest.xml:25:13-47
34            <intent-filter>
34-->src/main/AndroidManifest.xml:28:13-32:29
35                <action android:name="android.intent.action.MAIN" />
35-->src/main/AndroidManifest.xml:29:17-69
35-->src/main/AndroidManifest.xml:29:25-66
36
37                <category android:name="android.intent.category.LAUNCHER" />
37-->src/main/AndroidManifest.xml:31:17-77
37-->src/main/AndroidManifest.xml:31:27-74
38            </intent-filter>
39        </activity>
40        <activity
40-->src/main/AndroidManifest.xml:35:9-38:20
41            android:name="com.e.yourAlarmClock.MainActivity"
41-->src/main/AndroidManifest.xml:35:19-67
42            android:configChanges="orientation"
42-->src/main/AndroidManifest.xml:36:13-48
43            android:screenOrientation="portrait" >
43-->src/main/AndroidManifest.xml:37:13-49
44        </activity>
45        <activity
45-->src/main/AndroidManifest.xml:40:9-46:20
46            android:name="com.e.yourAlarmClock.Blue_Screen"
46-->src/main/AndroidManifest.xml:40:19-66
47            android:configChanges="orientation"
47-->src/main/AndroidManifest.xml:41:13-48
48            android:excludeFromRecents="true"
48-->src/main/AndroidManifest.xml:43:13-46
49            android:launchMode="singleTop"
49-->src/main/AndroidManifest.xml:45:13-43
50            android:screenOrientation="portrait"
50-->src/main/AndroidManifest.xml:42:13-49
51            android:showOnLockScreen="true" >
51-->src/main/AndroidManifest.xml:44:13-44
52        </activity>
53        <activity
53-->src/main/AndroidManifest.xml:48:9-51:20
54            android:name="com.e.yourAlarmClock.AboutActivity"
54-->src/main/AndroidManifest.xml:48:19-48
55            android:configChanges="orientation"
55-->src/main/AndroidManifest.xml:49:13-48
56            android:screenOrientation="portrait" >
56-->src/main/AndroidManifest.xml:50:13-49
57        </activity>
58
59        <receiver
59-->src/main/AndroidManifest.xml:53:5-57:16
60            android:name="com.e.yourAlarmClock.AlarmReceiver"
60-->src/main/AndroidManifest.xml:53:15-64
61            android:enabled="true"
61-->src/main/AndroidManifest.xml:55:9-31
62            android:exported="true"
62-->src/main/AndroidManifest.xml:56:9-32
63            android:process=":remote" >
63-->src/main/AndroidManifest.xml:54:9-34
64        </receiver>
65    </application>
66
67</manifest>